#
# There is insufficient memory for the Java Runtime Environment to continue.
# Native memory allocation (malloc) failed to allocate 112176 bytes for Chunk::new
# Possible reasons:
#   The system is out of physical RAM or swap space
#   In 32 bit mode, the process size limit was hit
# Possible solutions:
#   Reduce memory load on the system
#   Increase physical memory or swap space
#   Check if swap backing store is full
#   Use 64 bit Java on a 64 bit OS
#   Decrease Java heap size (-Xmx/-Xms)
#   Decrease number of Java threads
#   Decrease Java thread stack sizes (-Xss)
#   Set larger code cache with -XX:ReservedCodeCacheSize=
# This output file may be truncated or incomplete.
#
#  Out of Memory Error (allocation.cpp:390), pid=10660, tid=0x0000000000001eb8
#
# JRE version: OpenJDK Runtime Environment (8.0_152-b01) (build 1.8.0_152-release-1248-b01)
# Java VM: OpenJDK 64-Bit Server VM (25.152-b01 mixed mode windows-amd64 compressed oops)
# Failed to write core dump. Minidumps are not enabled by default on client versions of Windows
#

---------------  T H R E A D  ---------------

Current thread (0x000000001661b000):  JavaThread "C2 CompilerThread0" daemon [_thread_in_native, id=7864, stack(0x0000000017e30000,0x0000000017f30000)]

Stack: [0x0000000017e30000,0x0000000017f30000]
[error occurred during error reporting (printing stack bounds), id 0xc0000005]

Native frames: (J=compiled Java code, j=interpreted, Vv=VM code, C=native code)


Current CompileTask:
C2:   2844 1394       4       java.util.regex.Matcher::match (109 bytes)


---------------  P R O C E S S  ---------------

Java Threads: ( => current thread )
  0x00000000196dd000 JavaThread "Stdin handler" [_thread_blocked, id=12208, stack(0x000000001b0b0000,0x000000001b1b0000)]
  0x00000000196dc800 JavaThread "Asynchronous log dispatcher for DefaultDaemonConnection: socket connection from /127.0.0.1:51656 to /127.0.0.1:51657" [_thread_blocked, id=1380, stack(0x000000001afb0000,0x000000001b0b0000)]
  0x0000000019600800 JavaThread "Daemon worker" [_thread_in_Java, id=6624, stack(0x000000001acb0000,0x000000001adb0000)]
  0x00000000195ff800 JavaThread "Cancel handler" [_thread_blocked, id=8496, stack(0x000000001abb0000,0x000000001acb0000)]
  0x00000000195c7800 JavaThread "Handler for socket connection from /127.0.0.1:51656 to /127.0.0.1:51657" [_thread_in_native, id=6616, stack(0x000000001aab0000,0x000000001abb0000)]
  0x000000001958b000 JavaThread "Daemon" [_thread_blocked, id=4628, stack(0x000000001a9b0000,0x000000001aab0000)]
  0x0000000019639800 JavaThread "Daemon periodic checks" [_thread_blocked, id=11500, stack(0x000000001a8b0000,0x000000001a9b0000)]
  0x0000000019713800 JavaThread "Incoming local TCP Connector on port 51656" [_thread_in_native, id=11640, stack(0x000000001a3e0000,0x000000001a4e0000)]
  0x0000000018150800 JavaThread "Service Thread" daemon [_thread_blocked, id=520, stack(0x0000000018530000,0x0000000018630000)]
  0x0000000016632800 JavaThread "C1 CompilerThread2" daemon [_thread_in_native, id=7500, stack(0x0000000018030000,0x0000000018130000)]
  0x0000000016621000 JavaThread "C2 CompilerThread1" daemon [_thread_in_native, id=12004, stack(0x0000000017f30000,0x0000000018030000)]
=>0x000000001661b000 JavaThread "C2 CompilerThread0" daemon [_thread_in_native, id=7864, stack(0x0000000017e30000,0x0000000017f30000)]
  0x0000000016628000 JavaThread "Attach Listener" daemon [_thread_blocked, id=11268, stack(0x0000000017d30000,0x0000000017e30000)]
  0x0000000016627000 JavaThread "Signal Dispatcher" daemon [_thread_blocked, id=4328, stack(0x0000000017c30000,0x0000000017d30000)]
  0x0000000016609000 JavaThread "Finalizer" daemon [_thread_blocked, id=6360, stack(0x0000000017890000,0x0000000017990000)]
  0x00000000165e8000 JavaThread "Reference Handler" daemon [_thread_blocked, id=8764, stack(0x0000000017790000,0x0000000017890000)]
  0x0000000002bb2800 JavaThread "main" [_thread_blocked, id=7604, stack(0x0000000002ab0000,0x0000000002bb0000)]

Other Threads:
  0x00000000165e6000 VMThread [stack: 0x0000000017690000,0x0000000017790000] [id=11432]
  0x0000000018161800 WatcherThread [stack: 0x0000000018630000,0x0000000018730000] [id=6140]

VM state:not at safepoint (normal execution)

VM Mutex/Monitor currently owned by a thread: None

Heap:
 PSYoungGen      total 34816K, used 22160K [0x00000000e0000000, 0x00000000e4400000, 0x0000000100000000)
  eden space 30208K, 58% used [0x00000000e0000000,0x00000000e1128288,0x00000000e1d80000)
  from space 4608K, 99% used [0x00000000e1d80000,0x00000000e21fc030,0x00000000e2200000)
  to   space 4608K, 0% used [0x00000000e3f80000,0x00000000e3f80000,0x00000000e4400000)
 ParOldGen       total 79360K, used 2087K [0x00000000a0000000, 0x00000000a4d80000, 0x00000000e0000000)
  object space 79360K, 2% used [0x00000000a0000000,0x00000000a0209da8,0x00000000a4d80000)
 Metaspace       used 14079K, capacity 14442K, committed 14720K, reserved 1062912K
  class space    used 1991K, capacity 2131K, committed 2176K, reserved 1048576K

Card table byte_map: [0x0000000012070000,0x0000000012380000] byte_map_base: 0x0000000011b70000

Marking Bits: (ParMarkBitMap*) 0x000000005cea5aa0
 Begin Bits: [0x0000000012980000, 0x0000000014180000)
 End Bits:   [0x0000000014180000, 0x0000000015980000)

Polling page: 0x0000000001270000

CodeCache: size=245760Kb used=4812Kb max_used=4812Kb free=240947Kb
 bounds [0x0000000002cb0000, 0x0000000003170000, 0x0000000011cb0000]
 total_blobs=1757 nmethods=1392 adapters=280
 compilation: enabled

Compilation events (10 events):
Event: 2.825 Thread 0x0000000016632800 1389       3       java.util.regex.Pattern$GroupHead::match (47 bytes)
Event: 2.825 Thread 0x0000000016632800 nmethod 1389 0x000000000315acd0 code [0x000000000315ae40, 0x000000000315b0e8]
Event: 2.825 Thread 0x0000000016632800 1390       3       java.util.regex.Matcher::group (112 bytes)
Event: 2.827 Thread 0x0000000016632800 nmethod 1390 0x000000000315b2d0 code [0x000000000315b500, 0x000000000315c268]
Event: 2.833 Thread 0x0000000016632800 1391       1       java.util.HashMap::afterNodeAccess (1 bytes)
Event: 2.833 Thread 0x0000000016632800 nmethod 1391 0x000000000315c810 code [0x000000000315c960, 0x000000000315ca70]
Event: 2.834 Thread 0x0000000016632800 1392       3       java.util.regex.Pattern::sequence (553 bytes)
Event: 2.834 Thread 0x000000001661b000 1394       4       java.util.regex.Matcher::match (109 bytes)
Event: 2.840 Thread 0x0000000016632800 nmethod 1392 0x000000000315cad0 code [0x000000000315d000, 0x000000000315fe18]
Event: 2.840 Thread 0x0000000016632800 1401       3       java.lang.Integer::parseInt (261 bytes)

GC Heap History (6 events):
Event: 1.076 GC heap before
{Heap before GC invocations=1 (full 0):
 PSYoungGen      total 34816K, used 30208K [0x00000000e0000000, 0x00000000e2680000, 0x0000000100000000)
  eden space 30208K, 100% used [0x00000000e0000000,0x00000000e1d80000,0x00000000e1d80000)
  from space 4608K, 0% used [0x00000000e2200000,0x00000000e2200000,0x00000000e2680000)
  to   space 4608K, 0% used [0x00000000e1d80000,0x00000000e1d80000,0x00000000e2200000)
 ParOldGen       total 79360K, used 0K [0x00000000a0000000, 0x00000000a4d80000, 0x00000000e0000000)
  object space 79360K, 0% used [0x00000000a0000000,0x00000000a0000000,0x00000000a4d80000)
 Metaspace       used 6795K, capacity 6904K, committed 7040K, reserved 1056768K
  class space    used 833K, capacity 877K, committed 896K, reserved 1048576K
Event: 1.086 GC heap after
Heap after GC invocations=1 (full 0):
 PSYoungGen      total 34816K, used 4001K [0x00000000e0000000, 0x00000000e2680000, 0x0000000100000000)
  eden space 30208K, 0% used [0x00000000e0000000,0x00000000e0000000,0x00000000e1d80000)
  from space 4608K, 86% used [0x00000000e1d80000,0x00000000e21687a0,0x00000000e2200000)
  to   space 4608K, 0% used [0x00000000e2200000,0x00000000e2200000,0x00000000e2680000)
 ParOldGen       total 79360K, used 8K [0x00000000a0000000, 0x00000000a4d80000, 0x00000000e0000000)
  object space 79360K, 0% used [0x00000000a0000000,0x00000000a0002000,0x00000000a4d80000)
 Metaspace       used 6795K, capacity 6904K, committed 7040K, reserved 1056768K
  class space    used 833K, capacity 877K, committed 896K, reserved 1048576K
}
Event: 1.572 GC heap before
{Heap before GC invocations=2 (full 0):
 PSYoungGen      total 34816K, used 34209K [0x00000000e0000000, 0x00000000e2680000, 0x0000000100000000)
  eden space 30208K, 100% used [0x00000000e0000000,0x00000000e1d80000,0x00000000e1d80000)
  from space 4608K, 86% used [0x00000000e1d80000,0x00000000e21687a0,0x00000000e2200000)
  to   space 4608K, 0% used [0x00000000e2200000,0x00000000e2200000,0x00000000e2680000)
 ParOldGen       total 79360K, used 8K [0x00000000a0000000, 0x00000000a4d80000, 0x00000000e0000000)
  object space 79360K, 0% used [0x00000000a0000000,0x00000000a0002000,0x00000000a4d80000)
 Metaspace       used 8444K, capacity 8692K, committed 8960K, reserved 1056768K
  class space    used 1097K, capacity 1176K, committed 1280K, reserved 1048576K
Event: 1.580 GC heap after
Heap after GC invocations=2 (full 0):
 PSYoungGen      total 34816K, used 4238K [0x00000000e0000000, 0x00000000e4400000, 0x0000000100000000)
  eden space 30208K, 0% used [0x00000000e0000000,0x00000000e0000000,0x00000000e1d80000)
  from space 4608K, 91% used [0x00000000e2200000,0x00000000e2623a60,0x00000000e2680000)
  to   space 4608K, 0% used [0x00000000e1d80000,0x00000000e1d80000,0x00000000e2200000)
 ParOldGen       total 79360K, used 16K [0x00000000a0000000, 0x00000000a4d80000, 0x00000000e0000000)
  object space 79360K, 0% used [0x00000000a0000000,0x00000000a0004000,0x00000000a4d80000)
 Metaspace       used 8444K, capacity 8692K, committed 8960K, reserved 1056768K
  class space    used 1097K, capacity 1176K, committed 1280K, reserved 1048576K
}
Event: 2.634 GC heap before
{Heap before GC invocations=3 (full 0):
 PSYoungGen      total 34816K, used 34446K [0x00000000e0000000, 0x00000000e4400000, 0x0000000100000000)
  eden space 30208K, 100% used [0x00000000e0000000,0x00000000e1d80000,0x00000000e1d80000)
  from space 4608K, 91% used [0x00000000e2200000,0x00000000e2623a60,0x00000000e2680000)
  to   space 4608K, 0% used [0x00000000e1d80000,0x00000000e1d80000,0x00000000e2200000)
 ParOldGen       total 79360K, used 16K [0x00000000a0000000, 0x00000000a4d80000, 0x00000000e0000000)
  object space 79360K, 0% used [0x00000000a0000000,0x00000000a0004000,0x00000000a4d80000)
 Metaspace       used 12989K, capacity 13348K, committed 13568K, reserved 1060864K
  class space    used 1790K, capacity 1936K, committed 2048K, reserved 1048576K
Event: 2.648 GC heap after
Heap after GC invocations=3 (full 0):
 PSYoungGen      total 34816K, used 4592K [0x00000000e0000000, 0x00000000e4400000, 0x0000000100000000)
  eden space 30208K, 0% used [0x00000000e0000000,0x00000000e0000000,0x00000000e1d80000)
  from space 4608K, 99% used [0x00000000e1d80000,0x00000000e21fc030,0x00000000e2200000)
  to   space 4608K, 0% used [0x00000000e3f80000,0x00000000e3f80000,0x00000000e4400000)
 ParOldGen       total 79360K, used 2087K [0x00000000a0000000, 0x00000000a4d80000, 0x00000000e0000000)
  object space 79360K, 2% used [0x00000000a0000000,0x00000000a0209da8,0x00000000a4d80000)
 Metaspace       used 12989K, capacity 13348K, committed 13568K, reserved 1060864K
  class space    used 1790K, capacity 1936K, committed 2048K, reserved 1048576K
}

Deoptimization events (10 events):
Event: 1.830 Thread 0x0000000002bb2800 Uncommon trap: reason=unstable_if action=reinterpret pc=0x0000000002feb8f8 method=java.io.WinNTFileSystem.normalize(Ljava/lang/String;II)Ljava/lang/String; @ 90
Event: 2.327 Thread 0x00000000195c7800 Uncommon trap: reason=unstable_if action=reinterpret pc=0x0000000003079f14 method=java.util.concurrent.ConcurrentHashMap.putVal(Ljava/lang/Object;Ljava/lang/Object;Z)Ljava/lang/Object; @ 206
Event: 2.410 Thread 0x0000000019600800 Uncommon trap: reason=bimorphic action=maybe_recompile pc=0x0000000002f3b160 method=java.util.HashMap.putVal(ILjava/lang/Object;Ljava/lang/Object;ZZ)Ljava/lang/Object; @ 253
Event: 2.410 Thread 0x0000000019600800 Uncommon trap: reason=bimorphic action=maybe_recompile pc=0x0000000002f3b160 method=java.util.HashMap.putVal(ILjava/lang/Object;Ljava/lang/Object;ZZ)Ljava/lang/Object; @ 253
Event: 2.410 Thread 0x0000000019600800 Uncommon trap: reason=bimorphic action=maybe_recompile pc=0x0000000002f3b160 method=java.util.HashMap.putVal(ILjava/lang/Object;Ljava/lang/Object;ZZ)Ljava/lang/Object; @ 253
Event: 2.410 Thread 0x0000000019600800 Uncommon trap: reason=bimorphic action=maybe_recompile pc=0x0000000002f3b160 method=java.util.HashMap.putVal(ILjava/lang/Object;Ljava/lang/Object;ZZ)Ljava/lang/Object; @ 253
Event: 2.803 Thread 0x0000000019600800 Uncommon trap: reason=class_check action=maybe_recompile pc=0x0000000002f69d00 method=java.util.regex.Matcher.match(II)Z @ 86
Event: 2.823 Thread 0x0000000019600800 Uncommon trap: reason=class_check action=maybe_recompile pc=0x0000000002f69d00 method=java.util.regex.Matcher.match(II)Z @ 86
Event: 2.824 Thread 0x0000000019600800 Uncommon trap: reason=class_check action=maybe_recompile pc=0x0000000002f69d00 method=java.util.regex.Matcher.match(II)Z @ 86
Event: 2.824 Thread 0x0000000019600800 Uncommon trap: reason=class_check action=maybe_recompile pc=0x0000000002f36b48 method=java.util.regex.Matcher.match(II)Z @ 86

Classes redefined (0 events):
No events

Internal exceptions (10 events):
Event: 2.332 Thread 0x00000000195c7800 Exception <a 'java/lang/NoSuchMethodError': <clinit>> (0x00000000e0bcdf70) thrown at [D:\src\AOSP-openjdk-cygwin\jdk8u\hotspot\src\share\vm\prims\jni.cpp, line 1613]
Event: 2.333 Thread 0x00000000195c7800 Exception <a 'java/lang/NoSuchMethodError': <clinit>> (0x00000000e0bd7550) thrown at [D:\src\AOSP-openjdk-cygwin\jdk8u\hotspot\src\share\vm\prims\jni.cpp, line 1613]
Event: 2.338 Thread 0x00000000195c7800 Exception <a 'java/lang/NoSuchMethodError': <clinit>> (0x00000000e0bfe450) thrown at [D:\src\AOSP-openjdk-cygwin\jdk8u\hotspot\src\share\vm\prims\jni.cpp, line 1613]
Event: 2.341 Thread 0x00000000195c7800 Exception <a 'java/lang/NoSuchMethodError': <clinit>> (0x00000000e0c16238) thrown at [D:\src\AOSP-openjdk-cygwin\jdk8u\hotspot\src\share\vm\prims\jni.cpp, line 1613]
Event: 2.342 Thread 0x00000000195c7800 Exception <a 'java/lang/NoSuchMethodError': <clinit>> (0x00000000e0c1ed00) thrown at [D:\src\AOSP-openjdk-cygwin\jdk8u\hotspot\src\share\vm\prims\jni.cpp, line 1613]
Event: 2.344 Thread 0x00000000195c7800 Exception <a 'java/lang/NoSuchMethodError': <clinit>> (0x00000000e0c34dd8) thrown at [D:\src\AOSP-openjdk-cygwin\jdk8u\hotspot\src\share\vm\prims\jni.cpp, line 1613]
Event: 2.355 Thread 0x00000000195c7800 Exception <a 'java/lang/NoSuchMethodError': <clinit>> (0x00000000e0c92728) thrown at [D:\src\AOSP-openjdk-cygwin\jdk8u\hotspot\src\share\vm\prims\jni.cpp, line 1613]
Event: 2.361 Thread 0x00000000195c7800 Exception <a 'java/lang/NoSuchMethodError': <clinit>> (0x00000000e0cbe3c8) thrown at [D:\src\AOSP-openjdk-cygwin\jdk8u\hotspot\src\share\vm\prims\jni.cpp, line 1613]
Event: 2.369 Thread 0x00000000195c7800 Exception <a 'java/lang/NoSuchMethodError': <clinit>> (0x00000000e0ced5a0) thrown at [D:\src\AOSP-openjdk-cygwin\jdk8u\hotspot\src\share\vm\prims\jni.cpp, line 1613]
Event: 2.370 Thread 0x00000000195c7800 Exception <a 'java/lang/NoSuchMethodError': <clinit>> (0x00000000e0cf8940) thrown at [D:\src\AOSP-openjdk-cygwin\jdk8u\hotspot\src\share\vm\prims\jni.cpp, line 1613]

Events (10 events):
Event: 2.824 loading class java/util/TreeMap$KeySet
Event: 2.825 loading class java/util/NavigableSet
Event: 2.825 loading class java/util/NavigableSet done
Event: 2.825 loading class java/util/TreeMap$KeySet done
Event: 2.825 loading class java/util/TreeMap$Values
Event: 2.825 loading class java/util/TreeMap$Values done
Event: 2.825 loading class org/gradle/cache/internal/CacheVersion
Event: 2.825 loading class org/gradle/cache/internal/CacheVersion done
Event: 2.826 loading class org/apache/commons/lang/ArrayUtils
Event: 2.826 loading class org/apache/commons/lang/ArrayUtils done


Dynamic libraries:
0x00007ff61c060000 - 0x00007ff61c091000 	E:\androidStudio\jre\bin\java.exe
0x00007ff9f2690000 - 0x00007ff9f283c000 	C:\Windows\SYSTEM32\ntdll.dll
0x00007ff9f1d60000 - 0x00007ff9f1e9e000 	C:\Windows\system32\KERNEL32.DLL
0x00007ff9ef960000 - 0x00007ff9efa75000 	C:\Windows\system32\KERNELBASE.dll
0x00007ff9efd50000 - 0x00007ff9efdfa000 	C:\Windows\system32\ADVAPI32.dll
0x00007ff9f1f70000 - 0x00007ff9f20e7000 	C:\Windows\system32\USER32.dll
0x00007ff9ed420000 - 0x00007ff9ed69b000 	C:\Windows\WinSxS\amd64_microsoft.windows.common-controls_6595b64144ccf1df_6.0.9600.17415_none_6240486fecbd8abb\COMCTL32.dll
0x00007ff9f1cb0000 - 0x00007ff9f1d5a000 	C:\Windows\system32\msvcrt.dll
0x00007ff9eff70000 - 0x00007ff9effc9000 	C:\Windows\SYSTEM32\sechost.dll
0x00007ff9f1730000 - 0x00007ff9f1871000 	C:\Windows\system32\RPCRT4.dll
0x00007ff9efe10000 - 0x00007ff9eff61000 	C:\Windows\system32\GDI32.dll
0x00007ff9efd10000 - 0x00007ff9efd46000 	C:\Windows\system32\IMM32.DLL
0x00007ff9effd0000 - 0x00007ff9f0123000 	C:\Windows\system32\MSCTF.dll
0x000000005d000000 - 0x000000005d0d2000 	E:\androidStudio\jre\jre\bin\msvcr100.dll
0x000000005c6e0000 - 0x000000005cf21000 	E:\androidStudio\jre\jre\bin\server\jvm.dll
0x00007ff9e7520000 - 0x00007ff9e7529000 	C:\Windows\SYSTEM32\WSOCK32.dll
0x00007ff9eb670000 - 0x00007ff9eb692000 	C:\Windows\SYSTEM32\WINMM.dll
0x00007ff9ed110000 - 0x00007ff9ed11a000 	C:\Windows\SYSTEM32\VERSION.dll
0x00007ff9f1ea0000 - 0x00007ff9f1ea7000 	C:\Windows\system32\PSAPI.DLL
0x00007ff9f22f0000 - 0x00007ff9f234a000 	C:\Windows\system32\WS2_32.dll
0x00007ff9eb0a0000 - 0x00007ff9eb0ca000 	C:\Windows\SYSTEM32\WINMMBASE.dll
0x00007ff9efe00000 - 0x00007ff9efe09000 	C:\Windows\system32\NSI.dll
0x00007ff9efcc0000 - 0x00007ff9efd0f000 	C:\Windows\SYSTEM32\cfgmgr32.dll
0x00007ff9ee5e0000 - 0x00007ff9ee608000 	C:\Windows\SYSTEM32\DEVOBJ.dll
0x00007ff9e51c0000 - 0x00007ff9e51cf000 	E:\androidStudio\jre\jre\bin\verify.dll
0x00007ff9e5190000 - 0x00007ff9e51b9000 	E:\androidStudio\jre\jre\bin\java.dll
0x00007ff9e5170000 - 0x00007ff9e5186000 	E:\androidStudio\jre\jre\bin\zip.dll
0x00007ff9f0140000 - 0x00007ff9f1659000 	C:\Windows\system32\SHELL32.dll
0x00007ff9f1a90000 - 0x00007ff9f1ca1000 	C:\Windows\SYSTEM32\combase.dll
0x00007ff9f2570000 - 0x00007ff9f25c4000 	C:\Windows\system32\SHLWAPI.dll
0x00007ff9edd30000 - 0x00007ff9edde2000 	C:\Windows\SYSTEM32\SHCORE.dll
0x00007ff9ef7e0000 - 0x00007ff9ef7f5000 	C:\Windows\SYSTEM32\profapi.dll
0x00007ff9e4fa0000 - 0x00007ff9e4fba000 	E:\androidStudio\jre\jre\bin\net.dll
0x00007ff9ef050000 - 0x00007ff9ef0a9000 	C:\Windows\system32\mswsock.dll
0x00007ff9e4f80000 - 0x00007ff9e4f91000 	E:\androidStudio\jre\jre\bin\nio.dll
0x00007ff9e4d60000 - 0x00007ff9e4d7e000 	C:\Users\alexey\.gradle\native\25\windows-amd64\native-platform.dll
0x00007ff9e4d80000 - 0x00007ff9e4d8d000 	E:\androidStudio\jre\jre\bin\management.dll
0x00007ff9ef0b0000 - 0x00007ff9ef0d0000 	C:\Windows\SYSTEM32\CRYPTSP.dll
0x00007ff9eecd0000 - 0x00007ff9eed06000 	C:\Windows\system32\rsaenh.dll
0x00007ff9ef300000 - 0x00007ff9ef326000 	C:\Windows\SYSTEM32\bcrypt.dll
0x00007ff9eede0000 - 0x00007ff9eee01000 	C:\Windows\SYSTEM32\USERENV.dll
0x00007ff9ef6b0000 - 0x00007ff9ef713000 	C:\Windows\system32\bcryptprimitives.dll
0x00007ff9ef720000 - 0x00007ff9ef72b000 	C:\Windows\SYSTEM32\CRYPTBASE.dll
0x00007ff9eb390000 - 0x00007ff9eb3ba000 	C:\Windows\SYSTEM32\IPHLPAPI.DLL
0x00007ff9eb380000 - 0x00007ff9eb38a000 	C:\Windows\SYSTEM32\WINNSI.DLL
0x00007ff9ea590000 - 0x00007ff9ea5a6000 	C:\Windows\SYSTEM32\dhcpcsvc6.DLL
0x00007ff9ea620000 - 0x00007ff9ea63a000 	C:\Windows\SYSTEM32\dhcpcsvc.DLL

VM Arguments:
jvm_args: -Xmx1536m -Dfile.encoding=windows-1251 -Duser.country=RU -Duser.language=ru -Duser.variant 
java_command: org.gradle.launcher.daemon.bootstrap.GradleDaemon 4.10.1
java_class_path (initial): C:\Users\alexey\.gradle\wrapper\dists\gradle-4.10.1-all\455itskqi2qtf0v2sja68alqd\gradle-4.10.1\lib\gradle-launcher-4.10.1.jar
Launcher Type: SUN_STANDARD

Environment Variables:
JAVA_HOME=C:\Program Files\Java\jdk-11.0.1
PATH=C:\Windows\system32;C:\Windows;C:\Windows\System32\Wbem;C:\Windows\System32\WindowsPowerShell\v1.0\;C:\Program Files (x86)\ATI Technologies\ATI.ACE\Core-Static;C:\Program Files\nodejs\;C:\Program Files\Microsoft VS Code\bin;C:\Program Files\Java\jdk-11.0.1\bin;C:\Program Files\Git\cmd;C:\Gradle\bin;C:\Program Files (x86)\Windows Kits\10\Windows Performance Toolkit\;C:\Users\alexey\AppData\Roaming\npm
USERNAME=alexey
OS=Windows_NT
PROCESSOR_IDENTIFIER=AMD64 Family 21 Model 19 Stepping 1, AuthenticAMD



---------------  S Y S T E M  ---------------

OS: Windows 8.1 , 64 bit Build 9600 (6.3.9600.17415)

CPU:total 4 (initial active 4) (4 cores per cpu, 1 threads per core) family 21 model 19 stepping 1, cmov, cx8, fxsr, mmx, sse, sse2, sse3, ssse3, sse4.1, sse4.2, popcnt, avx, aes, clmul, mmxext, 3dnowpref, lzcnt, sse4a, tsc, tscinvbit, tscinv, bmi1

Memory: 4k page, physical 7541208k(1996684k free), swap 7541208k(5112k free)

vm_info: OpenJDK 64-Bit Server VM (25.152-b01) for windows-amd64 JRE (1.8.0_152-release-1248-b01), built by "builder" with MS VC++ 10.0 (VS2010)

time: Thu Feb 14 22:57:04 2019
elapsed time: 2 seconds (0d 0h 0m 2s)

